<?xml version="1.0" encoding="UTF-8"?>
<!-- Generated by org.testng.reporters.JUnitReportReporter -->
<testsuite hostname="CX-SRINJINI" failures="0" tests="1" name="webTests.VehicleTest" time="190.077" errors="0" timestamp="2022-05-26T16:58:24 IST" skipped="0">
  <testcase classname="webTests.VehicleTest" name="Property" time="190.077"/>
  <system-out/>
</testsuite> <!-- webTests.VehicleTest -->
