<?xml version="1.0" encoding="UTF-8"?>
<!-- Generated by org.testng.reporters.JUnitReportReporter -->
<testsuite hostname="CX-SRINJINI" failures="0" tests="1" name="webTests.VehicleTest" time="48.240" errors="0" timestamp="2022-05-26T18:13:16 IST" skipped="0">
  <testcase classname="webTests.VehicleTest" name="Property" time="48.240"/>
  <system-out/>
</testsuite> <!-- webTests.VehicleTest -->
