<?xml version="1.0" encoding="UTF-8"?>
<!-- Generated by org.testng.reporters.JUnitReportReporter -->
<testsuite hostname="CX-SRINJINI" failures="0" tests="1" name="webTests.BlockWingsTest" time="45.126" errors="0" timestamp="2022-05-19T23:34:39 IST" skipped="0">
  <testcase classname="webTests.BlockWingsTest" name="init" time="45.126"/>
  <system-out/>
</testsuite> <!-- webTests.BlockWingsTest -->
