<?xml version="1.0" encoding="UTF-8"?>
<!-- Generated by org.testng.reporters.JUnitReportReporter -->
<testsuite hostname="CX-SRINJINI" failures="0" tests="1" name="webTests.addUserTest" time="83.902" errors="0" timestamp="2022-05-18T14:46:45 IST" skipped="0">
  <testcase classname="webTests.addUserTest" name="init" time="83.902"/>
  <system-out/>
</testsuite> <!-- webTests.addUserTest -->
