<?xml version="1.0" encoding="UTF-8"?>
<!-- Generated by org.testng.reporters.JUnitReportReporter -->
<testsuite hostname="CX-SRINJINI" failures="0" tests="1" name="webTests.SupportStaffsTest" time="54.143" errors="0" timestamp="2022-05-20T10:19:41 IST" skipped="0">
  <testcase classname="webTests.SupportStaffsTest" name="init" time="54.143"/>
  <system-out/>
</testsuite> <!-- webTests.SupportStaffsTest -->
