<?xml version="1.0" encoding="UTF-8"?>
<!-- Generated by org.testng.reporters.JUnitReportReporter -->
<testsuite hostname="CX-SRINJINI" failures="0" tests="1" name="webTests.LoginTest" time="41.343" errors="0" timestamp="2022-05-18T02:55:13 IST" skipped="0">
  <testcase classname="webTests.LoginTest" name="init" time="41.343"/>
  <system-out/>
</testsuite> <!-- webTests.LoginTest -->
