<?xml version="1.0" encoding="UTF-8"?>
<!-- Generated by org.testng.reporters.JUnitReportReporter -->
<testsuite hostname="CX-SRINJINI" failures="0" tests="1" name="webTests.addUserTest" time="75.819" errors="0" timestamp="2022-05-19T09:03:54 IST" skipped="0">
  <testcase classname="webTests.addUserTest" name="init" time="75.819"/>
  <system-out/>
</testsuite> <!-- webTests.addUserTest -->
