<?xml version="1.0" encoding="UTF-8"?>
<!-- Generated by org.testng.reporters.JUnitReportReporter -->
<testsuite hostname="CX-SRINJINI" failures="0" tests="1" name="webTests.TenantsTest" time="69.149" errors="0" timestamp="2022-05-26T13:39:25 IST" skipped="0">
  <testcase classname="webTests.TenantsTest" name="Property" time="69.149"/>
  <system-out/>
</testsuite> <!-- webTests.TenantsTest -->
