<?xml version="1.0" encoding="UTF-8"?>
<!-- Generated by org.testng.reporters.JUnitReportReporter -->
<testsuite hostname="CX-SRINJINI" failures="0" tests="1" name="webTests.LoginTest" time="48.166" errors="0" timestamp="2022-05-18T10:45:04 IST" skipped="0">
  <testcase classname="webTests.LoginTest" name="init" time="48.166"/>
  <system-out/>
</testsuite> <!-- webTests.LoginTest -->
