<?xml version="1.0" encoding="UTF-8"?>
<!-- Generated by org.testng.reporters.JUnitReportReporter -->
<testsuite hostname="CX-SRINJINI" failures="0" tests="1" name="webTests.ParkingSpaceTest" time="58.266" errors="0" timestamp="2022-05-27T13:14:37 IST" skipped="0">
  <testcase classname="webTests.ParkingSpaceTest" name="Property" time="58.266"/>
  <system-out/>
</testsuite> <!-- webTests.ParkingSpaceTest -->
