<?xml version="1.0" encoding="UTF-8"?>
<!-- Generated by org.testng.reporters.JUnitReportReporter -->
<testsuite hostname="CX-SRINJINI" failures="0" tests="1" name="webTests.FlatsTest" time="75.436" errors="0" timestamp="2022-05-25T13:28:05 IST" skipped="0">
  <testcase classname="webTests.FlatsTest" name="Property" time="75.436"/>
  <system-out/>
</testsuite> <!-- webTests.FlatsTest -->
