<?xml version="1.0" encoding="UTF-8"?>
<!-- Generated by org.testng.reporters.JUnitReportReporter -->
<testsuite hostname="CX-SRINJINI" failures="0" tests="1" name="webTests.SupportStaffsTest" time="68.218" errors="0" timestamp="2022-05-23T17:23:03 IST" skipped="0">
  <testcase classname="webTests.SupportStaffsTest" name="init" time="68.218"/>
  <system-out/>
</testsuite> <!-- webTests.SupportStaffsTest -->
